1709460408.778839 client started (3592): version 3.4, socket /tmp/tmux-1000/default, protocol 8
1709460408.778870 on Linux 6.7.6-arch1-2 #1 SMP PREEMPT_DYNAMIC Thu, 29 Feb 2024 19:08:51 +0000
1709460408.778876 using libevent 2.1.12-stable poll
1709460408.778878 using ncurses 6.4 20230520
1709460408.778888 flags are 0x18010000
1709460408.778899 socket is /tmp/tmux-1000/default
1709460408.778911 trying connect
1709460408.778967 add peer 0x601645157050: 6 ((nil))
1709460408.779219 sending message 100 to peer 0x601645157050 (4 bytes)
1709460408.779224 sending message 111 to peer 0x601645157050 (8 bytes)
1709460408.779226 sending message 101 to peer 0x601645157050 (10 bytes)
1709460408.779229 sending message 109 to peer 0x601645157050 (4 bytes)
1709460408.779231 sending message 102 to peer 0x601645157050 (11 bytes)
1709460408.779233 sending message 108 to peer 0x601645157050 (26 bytes)
1709460408.779236 sending message 112 to peer 0x601645157050 (58 bytes)
1709460408.779238 sending message 112 to peer 0x601645157050 (5 bytes)
1709460408.779240 sending message 112 to peer 0x601645157050 (5 bytes)
1709460408.779243 sending message 112 to peer 0x601645157050 (6 bytes)
1709460408.779245 sending message 112 to peer 0x601645157050 (6 bytes)
1709460408.779247 sending message 112 to peer 0x601645157050 (11 bytes)
1709460408.779250 sending message 112 to peer 0x601645157050 (10 bytes)
1709460408.779252 sending message 112 to peer 0x601645157050 (13 bytes)
1709460408.779254 sending message 112 to peer 0x601645157050 (14 bytes)
1709460408.779256 sending message 112 to peer 0x601645157050 (19 bytes)
1709460408.779259 sending message 112 to peer 0x601645157050 (11 bytes)
1709460408.779261 sending message 112 to peer 0x601645157050 (10 bytes)
1709460408.779263 sending message 112 to peer 0x601645157050 (15 bytes)
1709460408.779265 sending message 112 to peer 0x601645157050 (21 bytes)
1709460408.779268 sending message 112 to peer 0x601645157050 (13 bytes)
1709460408.779270 sending message 112 to peer 0x601645157050 (7 bytes)
1709460408.779272 sending message 112 to peer 0x601645157050 (13 bytes)
1709460408.779275 sending message 112 to peer 0x601645157050 (7 bytes)
1709460408.779277 sending message 112 to peer 0x601645157050 (13 bytes)
1709460408.779279 sending message 112 to peer 0x601645157050 (9 bytes)
1709460408.779281 sending message 112 to peer 0x601645157050 (21 bytes)
1709460408.779284 sending message 112 to peer 0x601645157050 (13 bytes)
1709460408.779286 sending message 112 to peer 0x601645157050 (9 bytes)
1709460408.779288 sending message 112 to peer 0x601645157050 (16 bytes)
1709460408.779291 sending message 112 to peer 0x601645157050 (13 bytes)
1709460408.779293 sending message 112 to peer 0x601645157050 (9 bytes)
1709460408.779295 sending message 112 to peer 0x601645157050 (9 bytes)
1709460408.779297 sending message 112 to peer 0x601645157050 (12 bytes)
1709460408.779300 sending message 112 to peer 0x601645157050 (8 bytes)
1709460408.779302 sending message 112 to peer 0x601645157050 (8 bytes)
1709460408.779304 sending message 112 to peer 0x601645157050 (13 bytes)
1709460408.779307 sending message 112 to peer 0x601645157050 (7 bytes)
1709460408.779309 sending message 112 to peer 0x601645157050 (7 bytes)
1709460408.779311 sending message 112 to peer 0x601645157050 (9 bytes)
1709460408.779313 sending message 112 to peer 0x601645157050 (6 bytes)
1709460408.779316 sending message 112 to peer 0x601645157050 (9 bytes)
1709460408.779318 sending message 112 to peer 0x601645157050 (15 bytes)
1709460408.779320 sending message 112 to peer 0x601645157050 (13 bytes)
1709460408.779323 sending message 112 to peer 0x601645157050 (12 bytes)
1709460408.779325 sending message 112 to peer 0x601645157050 (8 bytes)
1709460408.779327 sending message 112 to peer 0x601645157050 (14 bytes)
1709460408.779330 sending message 112 to peer 0x601645157050 (11 bytes)
1709460408.779332 sending message 112 to peer 0x601645157050 (9 bytes)
1709460408.779334 sending message 112 to peer 0x601645157050 (10 bytes)
1709460408.779337 sending message 112 to peer 0x601645157050 (10 bytes)
1709460408.779345 sending message 112 to peer 0x601645157050 (10 bytes)
1709460408.779347 sending message 112 to peer 0x601645157050 (10 bytes)
1709460408.779349 sending message 112 to peer 0x601645157050 (11 bytes)
1709460408.779352 sending message 112 to peer 0x601645157050 (12 bytes)
1709460408.779354 sending message 112 to peer 0x601645157050 (12 bytes)
1709460408.779356 sending message 112 to peer 0x601645157050 (12 bytes)
1709460408.779359 sending message 112 to peer 0x601645157050 (12 bytes)
1709460408.779361 sending message 112 to peer 0x601645157050 (12 bytes)
1709460408.779363 sending message 112 to peer 0x601645157050 (11 bytes)
1709460408.779366 sending message 112 to peer 0x601645157050 (11 bytes)
1709460408.779368 sending message 112 to peer 0x601645157050 (12 bytes)
1709460408.779370 sending message 112 to peer 0x601645157050 (12 bytes)
1709460408.779373 sending message 112 to peer 0x601645157050 (12 bytes)
1709460408.779375 sending message 112 to peer 0x601645157050 (12 bytes)
1709460408.779377 sending message 112 to peer 0x601645157050 (12 bytes)
1709460408.779379 sending message 112 to peer 0x601645157050 (9 bytes)
1709460408.779382 sending message 112 to peer 0x601645157050 (12 bytes)
1709460408.779384 sending message 112 to peer 0x601645157050 (13 bytes)
1709460408.779386 sending message 112 to peer 0x601645157050 (13 bytes)
1709460408.779389 sending message 112 to peer 0x601645157050 (13 bytes)
1709460408.779391 sending message 112 to peer 0x601645157050 (13 bytes)
1709460408.779393 sending message 112 to peer 0x601645157050 (13 bytes)
1709460408.779396 sending message 112 to peer 0x601645157050 (8 bytes)
1709460408.779398 sending message 112 to peer 0x601645157050 (11 bytes)
1709460408.779400 sending message 112 to peer 0x601645157050 (11 bytes)
1709460408.779402 sending message 112 to peer 0x601645157050 (11 bytes)
1709460408.779405 sending message 112 to peer 0x601645157050 (12 bytes)
1709460408.779407 sending message 112 to peer 0x601645157050 (12 bytes)
1709460408.779409 sending message 112 to peer 0x601645157050 (12 bytes)
1709460408.779412 sending message 112 to peer 0x601645157050 (12 bytes)
1709460408.779414 sending message 112 to peer 0x601645157050 (13 bytes)
1709460408.779416 sending message 112 to peer 0x601645157050 (13 bytes)
1709460408.779419 sending message 112 to peer 0x601645157050 (13 bytes)
1709460408.779421 sending message 112 to peer 0x601645157050 (8 bytes)
1709460408.779423 sending message 112 to peer 0x601645157050 (13 bytes)
1709460408.779425 sending message 112 to peer 0x601645157050 (13 bytes)
1709460408.779428 sending message 112 to peer 0x601645157050 (13 bytes)
1709460408.779430 sending message 112 to peer 0x601645157050 (13 bytes)
1709460408.779432 sending message 112 to peer 0x601645157050 (13 bytes)
1709460408.779435 sending message 112 to peer 0x601645157050 (12 bytes)
1709460408.779437 sending message 112 to peer 0x601645157050 (12 bytes)
1709460408.779439 sending message 112 to peer 0x601645157050 (12 bytes)
1709460408.779442 sending message 112 to peer 0x601645157050 (12 bytes)
1709460408.779444 sending message 112 to peer 0x601645157050 (13 bytes)
1709460408.779446 sending message 112 to peer 0x601645157050 (8 bytes)
1709460408.779448 sending message 112 to peer 0x601645157050 (13 bytes)
1709460408.779451 sending message 112 to peer 0x601645157050 (13 bytes)
1709460408.779453 sending message 112 to peer 0x601645157050 (13 bytes)
1709460408.779455 sending message 112 to peer 0x601645157050 (13 bytes)
1709460408.779458 sending message 112 to peer 0x601645157050 (13 bytes)
1709460408.779460 sending message 112 to peer 0x601645157050 (13 bytes)
1709460408.779462 sending message 112 to peer 0x601645157050 (13 bytes)
1709460408.779465 sending message 112 to peer 0x601645157050 (12 bytes)
1709460408.779467 sending message 112 to peer 0x601645157050 (12 bytes)
1709460408.779469 sending message 112 to peer 0x601645157050 (12 bytes)
1709460408.779472 sending message 112 to peer 0x601645157050 (8 bytes)
1709460408.779474 sending message 112 to peer 0x601645157050 (12 bytes)
1709460408.779480 sending message 112 to peer 0x601645157050 (13 bytes)
1709460408.779482 sending message 112 to peer 0x601645157050 (13 bytes)
1709460408.779484 sending message 112 to peer 0x601645157050 (13 bytes)
1709460408.779487 sending message 112 to peer 0x601645157050 (13 bytes)
1709460408.779489 sending message 112 to peer 0x601645157050 (13 bytes)
1709460408.779491 sending message 112 to peer 0x601645157050 (13 bytes)
1709460408.779494 sending message 112 to peer 0x601645157050 (13 bytes)
1709460408.779496 sending message 112 to peer 0x601645157050 (13 bytes)
1709460408.779498 sending message 112 to peer 0x601645157050 (12 bytes)
1709460408.779500 sending message 112 to peer 0x601645157050 (10 bytes)
1709460408.779503 sending message 112 to peer 0x601645157050 (12 bytes)
1709460408.779505 sending message 112 to peer 0x601645157050 (12 bytes)
1709460408.779507 sending message 112 to peer 0x601645157050 (12 bytes)
1709460408.779510 sending message 112 to peer 0x601645157050 (13 bytes)
1709460408.779512 sending message 112 to peer 0x601645157050 (13 bytes)
1709460408.779514 sending message 112 to peer 0x601645157050 (13 bytes)
1709460408.779517 sending message 112 to peer 0x601645157050 (13 bytes)
1709460408.779519 sending message 112 to peer 0x601645157050 (13 bytes)
1709460408.779521 sending message 112 to peer 0x601645157050 (13 bytes)
1709460408.779524 sending message 112 to peer 0x601645157050 (13 bytes)
1709460408.779526 sending message 112 to peer 0x601645157050 (10 bytes)
1709460408.779528 sending message 112 to peer 0x601645157050 (13 bytes)
1709460408.779531 sending message 112 to peer 0x601645157050 (12 bytes)
1709460408.779533 sending message 112 to peer 0x601645157050 (12 bytes)
1709460408.779535 sending message 112 to peer 0x601645157050 (12 bytes)
1709460408.779537 sending message 112 to peer 0x601645157050 (10 bytes)
1709460408.779540 sending message 112 to peer 0x601645157050 (10 bytes)
1709460408.779542 sending message 112 to peer 0x601645157050 (10 bytes)
1709460408.779544 sending message 112 to peer 0x601645157050 (12 bytes)
1709460408.779547 sending message 112 to peer 0x601645157050 (13 bytes)
1709460408.779549 sending message 112 to peer 0x601645157050 (13 bytes)
1709460408.779551 sending message 112 to peer 0x601645157050 (13 bytes)
1709460408.779553 sending message 112 to peer 0x601645157050 (13 bytes)
1709460408.779556 sending message 112 to peer 0x601645157050 (13 bytes)
1709460408.779558 sending message 112 to peer 0x601645157050 (10 bytes)
1709460408.779560 sending message 112 to peer 0x601645157050 (11 bytes)
1709460408.779563 sending message 112 to peer 0x601645157050 (12 bytes)
1709460408.779565 sending message 112 to peer 0x601645157050 (12 bytes)
1709460408.779567 sending message 112 to peer 0x601645157050 (12 bytes)
1709460408.779570 sending message 112 to peer 0x601645157050 (12 bytes)
1709460408.779572 sending message 112 to peer 0x601645157050 (12 bytes)
1709460408.779574 sending message 112 to peer 0x601645157050 (11 bytes)
1709460408.779576 sending message 112 to peer 0x601645157050 (12 bytes)
1709460408.779579 sending message 112 to peer 0x601645157050 (12 bytes)
1709460408.779581 sending message 112 to peer 0x601645157050 (13 bytes)
1709460408.779583 sending message 112 to peer 0x601645157050 (13 bytes)
1709460408.779586 sending message 112 to peer 0x601645157050 (13 bytes)
1709460408.779588 sending message 112 to peer 0x601645157050 (13 bytes)
1709460408.779590 sending message 112 to peer 0x601645157050 (13 bytes)
1709460408.779593 sending message 112 to peer 0x601645157050 (10 bytes)
1709460408.779595 sending message 112 to peer 0x601645157050 (9 bytes)
1709460408.779597 sending message 112 to peer 0x601645157050 (12 bytes)
1709460408.779600 sending message 112 to peer 0x601645157050 (13 bytes)
1709460408.779602 sending message 112 to peer 0x601645157050 (13 bytes)
1709460408.779604 sending message 112 to peer 0x601645157050 (13 bytes)
1709460408.779606 sending message 112 to peer 0x601645157050 (13 bytes)
1709460408.779609 sending message 112 to peer 0x601645157050 (13 bytes)
1709460408.779614 sending message 112 to peer 0x601645157050 (9 bytes)
1709460408.779616 sending message 112 to peer 0x601645157050 (12 bytes)
1709460408.779619 sending message 112 to peer 0x601645157050 (13 bytes)
1709460408.779621 sending message 112 to peer 0x601645157050 (13 bytes)
1709460408.779623 sending message 112 to peer 0x601645157050 (13 bytes)
1709460408.779626 sending message 112 to peer 0x601645157050 (13 bytes)
1709460408.779628 sending message 112 to peer 0x601645157050 (13 bytes)
1709460408.779630 sending message 112 to peer 0x601645157050 (11 bytes)
1709460408.779633 sending message 112 to peer 0x601645157050 (12 bytes)
1709460408.779635 sending message 112 to peer 0x601645157050 (13 bytes)
1709460408.779637 sending message 112 to peer 0x601645157050 (13 bytes)
1709460408.779640 sending message 112 to peer 0x601645157050 (13 bytes)
1709460408.779642 sending message 112 to peer 0x601645157050 (13 bytes)
1709460408.779644 sending message 112 to peer 0x601645157050 (13 bytes)
1709460408.779646 sending message 112 to peer 0x601645157050 (11 bytes)
1709460408.779649 sending message 112 to peer 0x601645157050 (12 bytes)
1709460408.779651 sending message 112 to peer 0x601645157050 (12 bytes)
1709460408.779653 sending message 112 to peer 0x601645157050 (12 bytes)
1709460408.779656 sending message 112 to peer 0x601645157050 (12 bytes)
1709460408.779658 sending message 112 to peer 0x601645157050 (12 bytes)
1709460408.779660 sending message 112 to peer 0x601645157050 (21 bytes)
1709460408.779663 sending message 112 to peer 0x601645157050 (12 bytes)
1709460408.779665 sending message 112 to peer 0x601645157050 (9 bytes)
1709460408.779668 sending message 112 to peer 0x601645157050 (6 bytes)
1709460408.779670 sending message 112 to peer 0x601645157050 (13 bytes)
1709460408.779672 sending message 112 to peer 0x601645157050 (10 bytes)
1709460408.779675 sending message 112 to peer 0x601645157050 (24 bytes)
1709460408.779677 sending message 112 to peer 0x601645157050 (13 bytes)
1709460408.779680 sending message 112 to peer 0x601645157050 (9 bytes)
1709460408.779682 sending message 112 to peer 0x601645157050 (70 bytes)
1709460408.779684 sending message 112 to peer 0x601645157050 (69 bytes)
1709460408.779687 sending message 112 to peer 0x601645157050 (12 bytes)
1709460408.779689 sending message 112 to peer 0x601645157050 (10 bytes)
1709460408.779691 sending message 112 to peer 0x601645157050 (10 bytes)
1709460408.779694 sending message 112 to peer 0x601645157050 (24 bytes)
1709460408.779696 sending message 112 to peer 0x601645157050 (13 bytes)
1709460408.779698 sending message 112 to peer 0x601645157050 (10 bytes)
1709460408.779701 sending message 112 to peer 0x601645157050 (10 bytes)
1709460408.779703 sending message 112 to peer 0x601645157050 (17 bytes)
1709460408.779705 sending message 112 to peer 0x601645157050 (10 bytes)
1709460408.779708 sending message 112 to peer 0x601645157050 (13 bytes)
1709460408.779710 sending message 112 to peer 0x601645157050 (9 bytes)
1709460408.779712 sending message 112 to peer 0x601645157050 (15 bytes)
1709460408.779715 sending message 112 to peer 0x601645157050 (5 bytes)
1709460408.779718 sending message 104 to peer 0x601645157050 (0 bytes)
1709460408.779721 sending message 110 to peer 0x601645157050 (0 bytes)
1709460408.779724 sending message 107 to peer 0x601645157050 (4 bytes)
1709460408.779726 sending message 105 to peer 0x601645157050 (16 bytes)
1709460408.779729 sending message 105 to peer 0x601645157050 (74 bytes)
1709460408.779731 sending message 105 to peer 0x601645157050 (18 bytes)
1709460408.779734 sending message 105 to peer 0x601645157050 (20 bytes)
1709460408.779736 sending message 105 to peer 0x601645157050 (58 bytes)
1709460408.779738 sending message 105 to peer 0x601645157050 (23 bytes)
1709460408.779741 sending message 105 to peer 0x601645157050 (23 bytes)
1709460408.779743 sending message 105 to peer 0x601645157050 (20 bytes)
1709460408.779746 sending message 105 to peer 0x601645157050 (51 bytes)
1709460408.779748 sending message 105 to peer 0x601645157050 (22 bytes)
1709460408.779754 sending message 105 to peer 0x601645157050 (24 bytes)
1709460408.779756 sending message 105 to peer 0x601645157050 (12 bytes)
1709460408.779758 sending message 105 to peer 0x601645157050 (30 bytes)
1709460408.779761 sending message 105 to peer 0x601645157050 (26 bytes)
1709460408.779763 sending message 105 to peer 0x601645157050 (18 bytes)
1709460408.779765 sending message 105 to peer 0x601645157050 (21 bytes)
1709460408.779768 sending message 105 to peer 0x601645157050 (22 bytes)
1709460408.779770 sending message 105 to peer 0x601645157050 (29 bytes)
1709460408.779773 sending message 105 to peer 0x601645157050 (33 bytes)
1709460408.779775 sending message 105 to peer 0x601645157050 (15 bytes)
1709460408.779777 sending message 105 to peer 0x601645157050 (21 bytes)
1709460408.779780 sending message 105 to peer 0x601645157050 (21 bytes)
1709460408.779782 sending message 105 to peer 0x601645157050 (17 bytes)
1709460408.779784 sending message 105 to peer 0x601645157050 (26 bytes)
1709460408.779787 sending message 105 to peer 0x601645157050 (140 bytes)
1709460408.779789 sending message 105 to peer 0x601645157050 (52 bytes)
1709460408.779792 sending message 105 to peer 0x601645157050 (47 bytes)
1709460408.779794 sending message 105 to peer 0x601645157050 (15 bytes)
1709460408.779796 sending message 105 to peer 0x601645157050 (55 bytes)
1709460408.779799 sending message 105 to peer 0x601645157050 (24 bytes)
1709460408.779801 sending message 105 to peer 0x601645157050 (23 bytes)
1709460408.779803 sending message 105 to peer 0x601645157050 (15 bytes)
1709460408.779806 sending message 105 to peer 0x601645157050 (30 bytes)
1709460408.779808 sending message 105 to peer 0x601645157050 (15 bytes)
1709460408.779810 sending message 105 to peer 0x601645157050 (11 bytes)
1709460408.779813 sending message 105 to peer 0x601645157050 (8 bytes)
1709460408.779815 sending message 105 to peer 0x601645157050 (25 bytes)
1709460408.779817 sending message 105 to peer 0x601645157050 (27 bytes)
1709460408.779820 sending message 105 to peer 0x601645157050 (31 bytes)
1709460408.779822 sending message 105 to peer 0x601645157050 (50 bytes)
1709460408.779824 sending message 105 to peer 0x601645157050 (20 bytes)
1709460408.779827 sending message 105 to peer 0x601645157050 (23 bytes)
1709460408.779829 sending message 105 to peer 0x601645157050 (124 bytes)
1709460408.779832 sending message 105 to peer 0x601645157050 (16 bytes)
1709460408.779834 sending message 105 to peer 0x601645157050 (129 bytes)
1709460408.779836 sending message 105 to peer 0x601645157050 (38 bytes)
1709460408.779839 sending message 105 to peer 0x601645157050 (54 bytes)
1709460408.779841 sending message 105 to peer 0x601645157050 (31 bytes)
1709460408.779843 sending message 105 to peer 0x601645157050 (29 bytes)
1709460408.779846 sending message 105 to peer 0x601645157050 (35 bytes)
1709460408.779848 sending message 105 to peer 0x601645157050 (68 bytes)
1709460408.779850 sending message 105 to peer 0x601645157050 (23 bytes)
1709460408.779853 sending message 105 to peer 0x601645157050 (16 bytes)
1709460408.779855 sending message 105 to peer 0x601645157050 (23 bytes)
1709460408.779857 sending message 106 to peer 0x601645157050 (0 bytes)
1709460408.779905 sending message 200 to peer 0x601645157050 (4 bytes)
1709460408.779907 client loop enter
1709460408.785823 peer 0x601645157050 message 207
1709460408.785835 sending message 208 to peer 0x601645157050 (0 bytes)
1709460412.854095 peer 0x601645157050 message 203
1709460412.854110 sending message 205 to peer 0x601645157050 (0 bytes)
1709460412.854457 peer 0x601645157050 message 204
1709460412.854465 client loop exit
